build/outputs/mapping/conversationsFreeRelease/configuration.txt
# The proguard configuration file for the following section is default_proguard_files/global/proguard-android.txt-8.3.1
# This is a configuration file for ProGuard.
# http://proguard.sourceforge.net/index.html#manual/usage.html
#
# Starting with version 2.2 of the Android plugin for Gradle, this file is distributed together with
# the plugin and unpacked at build-time. The files in $ANDROID_HOME are no longer maintained and
# will be ignored by new version of the Android plugin for Gradle.

# Optimization is turned off by default. Dex does not like code run
# through the ProGuard optimize steps (and performs some
# of these optimizations on its own).
# Note that if you want to enable optimization, you cannot just
# include optimization flags in your own project configuration file;
# instead you will need to point to the
# "proguard-android-optimize.txt" file instead of this one from your
# project.properties file.
-dontoptimize

# Preserve some attributes that may be required for reflection.
-keepattributes AnnotationDefault,
                EnclosingMethod,
                InnerClasses,
                RuntimeVisibleAnnotations,
                RuntimeVisibleParameterAnnotations,
                RuntimeVisibleTypeAnnotations,
                Signature

-keep public class com.google.vending.licensing.ILicensingService
-keep public class com.android.vending.licensing.ILicensingService
-keep public class com.google.android.vending.licensing.ILicensingService
-dontnote com.android.vending.licensing.ILicensingService
-dontnote com.google.vending.licensing.ILicensingService
-dontnote com.google.android.vending.licensing.ILicensingService

# For native methods, see https://www.guardsquare.com/manual/configuration/examples#native
-keepclasseswithmembernames,includedescriptorclasses class * {
    native <methods>;
}

# Keep setters in Views so that animations can still work.
-keepclassmembers public class * extends android.view.View {
    void set*(***);
    *** get*();
}

# We want to keep methods in Activity that could be used in the XML attribute onClick.
-keepclassmembers class * extends android.app.Activity {
    public void *(android.view.View);
}

# For enumeration classes, see https://www.guardsquare.com/manual/configuration/examples#enumerations
-keepclassmembers enum * {
    public static **[] values();
    public static ** valueOf(java.lang.String);
}

-keepclassmembers class * implements android.os.Parcelable {
    public static final ** CREATOR;
}

# Preserve annotated Javascript interface methods.
-keepclassmembers class * {
    @android.webkit.JavascriptInterface <methods>;
}

# The support libraries contains references to newer platform versions.
# Don't warn about those in case this app is linking against an older
# platform version. We know about them, and they are safe.
-dontnote android.support.**
-dontnote androidx.**
-dontwarn android.support.**
-dontwarn androidx.**

# Understand the @Keep support annotation.
-keep class android.support.annotation.Keep

-keep @android.support.annotation.Keep class * {*;}

-keepclasseswithmembers class * {
    @android.support.annotation.Keep <methods>;
}

-keepclasseswithmembers class * {
    @android.support.annotation.Keep <fields>;
}

-keepclasseswithmembers class * {
    @android.support.annotation.Keep <init>(...);
}

# These classes are duplicated between android.jar and org.apache.http.legacy.jar.
-dontnote org.apache.http.**
-dontnote android.net.http.**

# These classes are duplicated between android.jar and core-lambda-stubs.jar.
-dontnote java.lang.invoke.**

# End of content from default_proguard_files/global/proguard-android.txt-8.3.1
# The proguard configuration file for the following section is conver/Conversations/proguard-rules.pro
-dontobfuscate

-keep class eu.siacs.conversations.**

-keep class org.whispersystems.**

-keep class com.kyleduo.switchbutton.Configuration

-keep class com.soundcloud.android.crop.**

-keep class com.google.android.gms.**

-keep class org.openintents.openpgp.*
-keep class org.webrtc.** { *; }

-dontwarn javax.mail.internet.MimeMessage
-dontwarn javax.mail.internet.MimeBodyPart
-dontwarn javax.mail.internet.SharedInputStream
-dontwarn javax.activation.DataContentHandler
-dontwarn org.bouncycastle.mail.**
-dontwarn org.bouncycastle.x509.util.LDAPStoreHelper
-dontwarn org.bouncycastle.jce.provider.X509LDAPCertStoreSpi
-dontwarn org.bouncycastle.cert.dane.**
-dontwarn rocks.xmpp.addr.**
-dontwarn com.google.firebase.analytics.connector.AnalyticsConnector
-dontwarn java.lang.**
-dontwarn javax.lang.**

-dontwarn com.android.org.conscrypt.SSLParametersImpl
-dontwarn org.apache.harmony.xnet.provider.jsse.SSLParametersImpl
-dontwarn org.bouncycastle.jsse.BCSSLParameters
-dontwarn org.bouncycastle.jsse.BCSSLSocket
-dontwarn org.bouncycastle.jsse.provider.BouncyCastleJsseProvider
-dontwarn org.openjsse.javax.net.ssl.SSLParameters
-dontwarn org.openjsse.javax.net.ssl.SSLSocket
-dontwarn org.openjsse.net.ssl.OpenJSSE
-dontwarn org.jetbrains.annotations.**

-keepclassmembers class eu.siacs.conversations.http.services.** {
  !transient <fields>;
}

# Retrofit does reflection on generic parameters. InnerClasses is required to use Signature and
# EnclosingMethod is required to use InnerClasses.
-keepattributes Signature, InnerClasses, EnclosingMethod

# Retrofit does reflection on method and parameter annotations.
-keepattributes RuntimeVisibleAnnotations, RuntimeVisibleParameterAnnotations

# Retain service method parameters when optimizing.
-keepclassmembers,allowshrinking,allowobfuscation interface * {
    @retrofit2.http.* <methods>;
}

# Ignore annotation used for build tooling.
-dontwarn org.codehaus.mojo.animal_sniffer.IgnoreJRERequirement

# Ignore JSR 305 annotations for embedding nullability information.
-dontwarn javax.annotation.**

# Guarded by a NoClassDefFoundError try/catch and only used when on the classpath.
-dontwarn kotlin.Unit

# Top-level functions that can only be used by Kotlin.
-dontwarn retrofit2.KotlinExtensions
-dontwarn retrofit2.KotlinExtensions$*


# With R8 full mode, it sees no subtypes of Retrofit interfaces since they are created with a Proxy
# and replaces all potential values with null. Explicitly keeping the interfaces prevents this.
-if interface * { @retrofit2.http.* <methods>; }
-keep,allowobfuscation interface <1>

# Keep inherited services.
-if interface * { @retrofit2.http.* <methods>; }
-keep,allowobfuscation interface * extends <1>

# With R8 full mode generic signatures are stripped for classes that are not
# kept. Suspend functions are wrapped in continuations where the type argument
# is used.
-keep,allowobfuscation,allowshrinking class kotlin.coroutines.Continuation

# R8 full mode strips generic signatures from return types if not kept.
-if interface * { @retrofit2.http.* public *** *(...); }
-keep,allowoptimization,allowshrinking,allowobfuscation class <3>

# End of content from conver/Conversations/proguard-rules.pro
# The proguard configuration file for the following section is conversationsFreeRelease/processConversationsFreeReleaseResources/aapt_rules.txt
-keep class androidx.core.app.CoreComponentFactory { <init>(); }
-keep class androidx.core.content.FileProvider { <init>(); }
-keep class androidx.profileinstaller.ProfileInstallReceiver { <init>(); }
-keep class androidx.room.MultiInstanceInvalidationService { <init>(); }
-keep class androidx.startup.InitializationProvider { <init>(); }
-keep class androidx.work.impl.background.systemalarm.ConstraintProxy$BatteryChargingProxy { <init>(); }
-keep class androidx.work.impl.background.systemalarm.ConstraintProxy$BatteryNotLowProxy { <init>(); }
-keep class androidx.work.impl.background.systemalarm.ConstraintProxy$NetworkStateProxy { <init>(); }
-keep class androidx.work.impl.background.systemalarm.ConstraintProxy$StorageNotLowProxy { <init>(); }
-keep class androidx.work.impl.background.systemalarm.ConstraintProxyUpdateReceiver { <init>(); }
-keep class androidx.work.impl.background.systemalarm.RescheduleReceiver { <init>(); }
-keep class androidx.work.impl.background.systemalarm.SystemAlarmService { <init>(); }
-keep class androidx.work.impl.background.systemjob.SystemJobService { <init>(); }
-keep class androidx.work.impl.diagnostics.DiagnosticsReceiver { <init>(); }
-keep class androidx.work.impl.foreground.SystemForegroundService { <init>(); }
-keep class androidx.work.impl.utils.ForceStopRunnable$BroadcastReceiver { <init>(); }
-keep class com.canhub.cropper.CropFileProvider { <init>(); }
-keep class com.canhub.cropper.CropImageActivity { <init>(); }
-keep class eu.siacs.conversations.Conversations { <init>(); }
-keep class eu.siacs.conversations.receiver.SystemEventReceiver { <init>(); }
-keep class eu.siacs.conversations.receiver.UnifiedPushDistributor { <init>(); }
-keep class eu.siacs.conversations.receiver.WorkManagerEventReceiver { <init>(); }
-keep class eu.siacs.conversations.services.BarcodeProvider { <init>(); }
-keep class eu.siacs.conversations.services.CallIntegrationConnectionService { <init>(); }
-keep class eu.siacs.conversations.services.ContactChooserTargetService { <init>(); }
-keep class eu.siacs.conversations.services.ImportBackupService { <init>(); }
-keep class eu.siacs.conversations.services.XmppConnectionService { <init>(); }
-keep class eu.siacs.conversations.ui.AboutActivity { <init>(); }
-keep class eu.siacs.conversations.ui.BlocklistActivity { <init>(); }
-keep class eu.siacs.conversations.ui.ChangePasswordActivity { <init>(); }
-keep class eu.siacs.conversations.ui.ChannelDiscoveryActivity { <init>(); }
-keep class eu.siacs.conversations.ui.ChooseAccountForProfilePictureActivity { <init>(); }
-keep class eu.siacs.conversations.ui.ChooseContactActivity { <init>(); }
-keep class eu.siacs.conversations.ui.ConferenceDetailsActivity { <init>(); }
-keep class eu.siacs.conversations.ui.ContactDetailsActivity { <init>(); }
-keep class eu.siacs.conversations.ui.ConversationActivity { <init>(); }
-keep class eu.siacs.conversations.ui.ConversationsActivity { <init>(); }
-keep class eu.siacs.conversations.ui.EasyOnboardingInviteActivity { <init>(); }
-keep class eu.siacs.conversations.ui.EditAccountActivity { <init>(); }
-keep class eu.siacs.conversations.ui.ImportBackupActivity { <init>(); }
-keep class eu.siacs.conversations.ui.MagicCreateActivity { <init>(); }
-keep class eu.siacs.conversations.ui.ManageAccountActivity { <init>(); }
-keep class eu.siacs.conversations.ui.MediaBrowserActivity { <init>(); }
-keep class eu.siacs.conversations.ui.MemorizingActivity { <init>(); }
-keep class eu.siacs.conversations.ui.MucUsersActivity { <init>(); }
-keep class eu.siacs.conversations.ui.PickServerActivity { <init>(); }
-keep class eu.siacs.conversations.ui.PublishGroupChatProfilePictureActivity { <init>(); }
-keep class eu.siacs.conversations.ui.PublishProfilePictureActivity { <init>(); }
-keep class eu.siacs.conversations.ui.RecordingActivity { <init>(); }
-keep class eu.siacs.conversations.ui.RtpSessionActivity { <init>(); }
-keep class eu.siacs.conversations.ui.ScanActivity { <init>(); }
-keep class eu.siacs.conversations.ui.SearchActivity { <init>(); }
-keep class eu.siacs.conversations.ui.ShareLocationActivity { <init>(); }
-keep class eu.siacs.conversations.ui.ShareViaAccountActivity { <init>(); }
-keep class eu.siacs.conversations.ui.ShareWithActivity { <init>(); }
-keep class eu.siacs.conversations.ui.ShortcutActivity { <init>(); }
-keep class eu.siacs.conversations.ui.ShowLocationActivity { <init>(); }
-keep class eu.siacs.conversations.ui.StartConversationActivity { <init>(); }
-keep class eu.siacs.conversations.ui.TrustKeysActivity { <init>(); }
-keep class eu.siacs.conversations.ui.UriHandlerActivity { <init>(); }
-keep class eu.siacs.conversations.ui.WelcomeActivity { <init>(); }
-keep class eu.siacs.conversations.ui.activity.SettingsActivity { <init>(); }
-keep class android.widget.Space { <init>(android.content.Context, android.util.AttributeSet); }

-keep class androidx.appcompat.app.AlertController$RecycleListView { <init>(android.content.Context, android.util.AttributeSet); }

-keep class androidx.appcompat.view.menu.ActionMenuItemView { <init>(android.content.Context, android.util.AttributeSet); }

-keep class androidx.appcompat.view.menu.ExpandedMenuView { <init>(android.content.Context, android.util.AttributeSet); }

-keep class androidx.appcompat.view.menu.ListMenuItemView { <init>(android.content.Context, android.util.AttributeSet); }

-keep class androidx.appcompat.widget.ActionBarContainer { <init>(android.content.Context, android.util.AttributeSet); }

-keep class androidx.appcompat.widget.ActionBarContextView { <init>(android.content.Context, android.util.AttributeSet); }

-keep class androidx.appcompat.widget.ActionBarOverlayLayout { <init>(android.content.Context, android.util.AttributeSet); }

-keep class androidx.appcompat.widget.ActionMenuView { <init>(android.content.Context, android.util.AttributeSet); }

-keep class androidx.appcompat.widget.ActivityChooserView$InnerLayout { <init>(android.content.Context, android.util.AttributeSet); }

-keep class androidx.appcompat.widget.AlertDialogLayout { <init>(android.content.Context, android.util.AttributeSet); }

-keep class androidx.appcompat.widget.AppCompatTextView { <init>(android.content.Context, android.util.AttributeSet); }

-keep class androidx.appcompat.widget.ButtonBarLayout { <init>(android.content.Context, android.util.AttributeSet); }

-keep class androidx.appcompat.widget.ContentFrameLayout { <init>(android.content.Context, android.util.AttributeSet); }

-keep class androidx.appcompat.widget.DialogTitle { <init>(android.content.Context, android.util.AttributeSet); }

-keep class androidx.appcompat.widget.FitWindowsFrameLayout { <init>(android.content.Context, android.util.AttributeSet); }

-keep class androidx.appcompat.widget.FitWindowsLinearLayout { <init>(android.content.Context, android.util.AttributeSet); }

-keep class androidx.appcompat.widget.SearchView$SearchAutoComplete { <init>(android.content.Context, android.util.AttributeSet); }

-keep class androidx.appcompat.widget.SwitchCompat { <init>(android.content.Context, android.util.AttributeSet); }

-keep class androidx.appcompat.widget.Toolbar { <init>(android.content.Context, android.util.AttributeSet); }

-keep class androidx.appcompat.widget.ViewStubCompat { <init>(android.content.Context, android.util.AttributeSet); }

-keep class androidx.cardview.widget.CardView { <init>(android.content.Context, android.util.AttributeSet); }

-keep class androidx.constraintlayout.helper.widget.Flow { <init>(android.content.Context, android.util.AttributeSet); }

-keep class androidx.constraintlayout.widget.ConstraintLayout { <init>(android.content.Context, android.util.AttributeSet); }

-keep class androidx.coordinatorlayout.widget.CoordinatorLayout { <init>(android.content.Context, android.util.AttributeSet); }

-keep class androidx.core.widget.NestedScrollView { <init>(android.content.Context, android.util.AttributeSet); }

-keep class androidx.fragment.app.FragmentContainerView { <init>(android.content.Context, android.util.AttributeSet); }

-keep class androidx.preference.UnPressableLinearLayout { <init>(android.content.Context, android.util.AttributeSet); }

-keep class androidx.preference.internal.PreferenceImageView { <init>(android.content.Context, android.util.AttributeSet); }

-keep class androidx.recyclerview.widget.RecyclerView { <init>(android.content.Context, android.util.AttributeSet); }

-keep class androidx.viewpager.widget.ViewPager { <init>(android.content.Context, android.util.AttributeSet); }

-keep class com.canhub.cropper.CropImageView { <init>(android.content.Context, android.util.AttributeSet); }

-keep class com.canhub.cropper.CropOverlayView { <init>(android.content.Context, android.util.AttributeSet); }

-keep class com.google.android.material.appbar.AppBarLayout { <init>(android.content.Context, android.util.AttributeSet); }

-keep class com.google.android.material.appbar.MaterialToolbar { <init>(android.content.Context, android.util.AttributeSet); }

-keep class com.google.android.material.button.MaterialButton { <init>(android.content.Context, android.util.AttributeSet); }

-keep class com.google.android.material.button.MaterialButtonToggleGroup { <init>(android.content.Context, android.util.AttributeSet); }

-keep class com.google.android.material.card.MaterialCardView { <init>(android.content.Context, android.util.AttributeSet); }

-keep class com.google.android.material.chip.Chip { <init>(android.content.Context, android.util.AttributeSet); }

-keep class com.google.android.material.datepicker.MaterialCalendarGridView { <init>(android.content.Context, android.util.AttributeSet); }

-keep class com.google.android.material.floatingactionbutton.ExtendedFloatingActionButton { <init>(android.content.Context, android.util.AttributeSet); }

-keep class com.google.android.material.floatingactionbutton.FloatingActionButton { <init>(android.content.Context, android.util.AttributeSet); }

-keep class com.google.android.material.internal.BaselineLayout { <init>(android.content.Context, android.util.AttributeSet); }

-keep class com.google.android.material.internal.CheckableImageButton { <init>(android.content.Context, android.util.AttributeSet); }

-keep class com.google.android.material.internal.ClippableRoundedCornerLayout { <init>(android.content.Context, android.util.AttributeSet); }

-keep class com.google.android.material.internal.NavigationMenuItemView { <init>(android.content.Context, android.util.AttributeSet); }

-keep class com.google.android.material.internal.NavigationMenuView { <init>(android.content.Context, android.util.AttributeSet); }

-keep class com.google.android.material.internal.TouchObserverFrameLayout { <init>(android.content.Context, android.util.AttributeSet); }

-keep class com.google.android.material.snackbar.Snackbar$SnackbarLayout { <init>(android.content.Context, android.util.AttributeSet); }

-keep class com.google.android.material.snackbar.SnackbarContentLayout { <init>(android.content.Context, android.util.AttributeSet); }

-keep class com.google.android.material.tabs.TabLayout { <init>(android.content.Context, android.util.AttributeSet); }

-keep class com.google.android.material.textfield.MaterialAutoCompleteTextView { <init>(android.content.Context, android.util.AttributeSet); }

-keep class com.google.android.material.textfield.TextInputEditText { <init>(android.content.Context, android.util.AttributeSet); }

-keep class com.google.android.material.textfield.TextInputLayout { <init>(android.content.Context, android.util.AttributeSet); }

-keep class com.google.android.material.timepicker.ChipTextInputComboView { <init>(android.content.Context, android.util.AttributeSet); }

-keep class com.google.android.material.timepicker.ClockFaceView { <init>(android.content.Context, android.util.AttributeSet); }

-keep class com.google.android.material.timepicker.ClockHandView { <init>(android.content.Context, android.util.AttributeSet); }

-keep class com.google.android.material.timepicker.TimePickerView { <init>(android.content.Context, android.util.AttributeSet); }

-keep class com.leinardi.android.speeddial.SpeedDialOverlayLayout { <init>(android.content.Context, android.util.AttributeSet); }

-keep class com.leinardi.android.speeddial.SpeedDialView { <init>(android.content.Context, android.util.AttributeSet); }

-keep class com.makeramen.roundedimageview.RoundedImageView { <init>(android.content.Context, android.util.AttributeSet); }

-keep class eu.siacs.conversations.ui.widget.EditMessage { <init>(android.content.Context, android.util.AttributeSet); }

-keep class eu.siacs.conversations.ui.widget.ImmediateAutoCompleteTextView { <init>(android.content.Context, android.util.AttributeSet); }

-keep class eu.siacs.conversations.ui.widget.ScannerView { <init>(android.content.Context, android.util.AttributeSet); }