build/outputs/mapping/conversationsFreeRelease/seeds.txt
eu.siacs.conversations.services.XmppConnectionService$OnAccountCreated
eu.siacs.conversations.crypto.sasl.DigestMd5$1
eu.siacs.conversations.services.XmppConnectionService$17
eu.siacs.conversations.xmpp.pep.PublishOptions
eu.siacs.conversations.xmpp.jingle.AbstractContentMap$UnsupportedTransportException
eu.siacs.conversations.crypto.sasl.SaslMechanism$Version
eu.siacs.conversations.services.AvatarService$Avatarable
eu.siacs.conversations.ui.ConversationFragment$12
eu.siacs.conversations.xmpp.jingle.WebRTCWrapper$PeerConnectionNotInitialized
eu.siacs.conversations.android.AbstractPhoneContact
eu.siacs.conversations.services.MessageSearchTask
eu.siacs.conversations.ui.interfaces.OnAvatarPublication
eu.siacs.conversations.xmpp.jingle.OnJinglePacketReceived
eu.siacs.conversations.services.XmppConnectionService$OnJingleRtpConnectionUpdate
eu.siacs.conversations.services.PushManagementService
eu.siacs.conversations.crypto.axolotl.OnMessageCreatedCallback
eu.siacs.conversations.R$mipmap
eu.siacs.conversations.services.XmppConnectionService$17$1
eu.siacs.conversations.ui.util.MucDetailsContextMenuHelper
eu.siacs.conversations.ui.EditAccountActivity$6
eu.siacs.conversations.databinding.DialogJoinConferenceBindingImpl
eu.siacs.conversations.ui.SearchActivity
eu.siacs.conversations.http.HttpDownloadConnection$FileSizeChecker
eu.siacs.conversations.xmpp.stanzas.csi.InactivePacket
eu.siacs.conversations.xmpp.jingle.WebRTCWrapper$SetSdpObserver
eu.siacs.conversations.databinding.DialogEnterJidBindingImpl
eu.siacs.conversations.crypto.XmppDomainVerifier$ValidDomains
eu.siacs.conversations.utils.Patterns
eu.siacs.conversations.crypto.sasl.ScramSha256Plus
eu.siacs.conversations.crypto.axolotl.NotEncryptedForThisDeviceException
eu.siacs.conversations.databinding.ActivityImportBackupBindingImpl
eu.siacs.conversations.xmpp.forms.Field
eu.siacs.conversations.databinding.DialogCreatePublicChannelBinding
eu.siacs.conversations.ui.ConversationFragment$6
eu.siacs.conversations.xmpp.stanzas.IqPacket
eu.siacs.conversations.R$attr
eu.siacs.conversations.crypto.axolotl.AxolotlService$AxolotlAddressMap
eu.siacs.conversations.databinding.ActivitySettingsBinding
eu.siacs.conversations.services.XmppConnectionService$OnAccountUpdate
eu.siacs.conversations.utils.SerialSingleThreadExecutor
eu.siacs.conversations.parser.IqParser
eu.siacs.conversations.persistance.UnifiedPushDatabase$ApplicationEndpoint
eu.siacs.conversations.databinding.DialogEnterPasswordBindingImpl
eu.siacs.conversations.ui.util.ScrollState
eu.siacs.conversations.entities.ServiceDiscoveryResult
eu.siacs.conversations.ui.ConversationsActivity
eu.siacs.conversations.xmpp.jingle.stanzas.RtpDescription
eu.siacs.conversations.databinding.ItemMessageDateBubbleBinding
eu.siacs.conversations.ui.EnterJidDialog
eu.siacs.conversations.services.AbstractConnectionManager$1
eu.siacs.conversations.databinding.ItemAccountBindingImpl
eu.siacs.conversations.databinding.ActivityManageAccountsBinding
eu.siacs.conversations.services.ChannelDiscoveryService$2
eu.siacs.conversations.databinding.ActivityChangePasswordBinding
eu.siacs.conversations.ui.util.Attachment
eu.siacs.conversations.databinding.DialogCreateConferenceBindingImpl
eu.siacs.conversations.xmpp.jingle.stanzas.IceUdpTransportInfo$Candidate
eu.siacs.conversations.xmpp.stanzas.IqPacket$TYPE
eu.siacs.conversations.Config
eu.siacs.conversations.ui.EasyOnboardingInviteActivity
eu.siacs.conversations.ui.EnterJidDialog$OnEnterJidDialogPositiveListener
eu.siacs.conversations.xmpp.jingle.transports.SocksByteStreamsTransport$3
eu.siacs.conversations.xmpp.jingle.transports.SocksByteStreamsTransport$CandidateErrorException
eu.siacs.conversations.entities.ServiceDiscoveryResult$Identity
eu.siacs.conversations.utils.IP
eu.siacs.conversations.databinding.ItemMediaPreviewBindingImpl
eu.siacs.conversations.xmpp.jingle.stanzas.SocksByteStreamsTransportInfo
eu.siacs.conversations.ui.util.Attachment$Type
eu.siacs.conversations.ui.RecordingActivity$1
...
com.google.android.material.textfield.TextInputLayout: void setErrorTextAppearance(int)
org.conscrypt.OpenSSLEvpCipherDESEDE: void checkSupportedPadding(org.conscrypt.OpenSSLCipher$Padding)
org.conscrypt.Platform: java.lang.Class getClass(java.lang.String[])
org.conscrypt.Conscrypt$Version: Conscrypt$Version(int,int,int,org.conscrypt.Conscrypt$1)
org.conscrypt.ActiveSession: javax.net.ssl.SSLSessionContext getSessionContext()
kotlin.coroutines.intrinsics.CoroutineSingletons: kotlin.coroutines.intrinsics.CoroutineSingletons valueOf(java.lang.String)
org.conscrypt.OpenSSLECPrivateKey: java.math.BigInteger getS()
com.google.android.material.card.MaterialCardView: int getCheckedIconMargin()
com.google.android.material.textfield.TextInputLayout: float getBoxCornerRadiusBottomEnd()
org.conscrypt.Java7ExtendedSSLSession: long getLastAccessedTime()
com.google.android.material.snackbar.BaseTransientBottomBar$SnackbarBaseLayout: void setLayoutParams(android.view.ViewGroup$LayoutParams)
androidx.appcompat.widget.AppCompatRadioButton: void setAllCaps(boolean)
org.conscrypt.ExternalSession: byte[] getId()
org.conscrypt.ConscryptEngine: java.lang.String[] getEnabledProtocols()
org.webrtc.VideoEncoder$Callback: void onEncodedFrame(org.webrtc.EncodedImage,org.webrtc.VideoEncoder$CodecSpecificInfo)
org.conscrypt.TrustManagerImpl: void checkClientTrusted(java.security.cert.X509Certificate[],java.lang.String,java.net.Socket)
androidx.appcompat.widget.AppCompatSpinner: void setPrompt(java.lang.CharSequence)
androidx.appcompat.widget.Toolbar: int getTitleMarginTop()
org.conscrypt.Java8EngineSocket: Java8EngineSocket(java.lang.String,int,org.conscrypt.SSLParametersImpl)
org.webrtc.MediaCodecWrapper: android.media.MediaFormat getInputFormat()
org.webrtc.NetworkMonitor: void startMonitoring(android.content.Context,java.lang.String)
org.conscrypt.TrustManagerImpl: void checkCT(java.lang.String,java.util.List,byte[],byte[])
com.google.android.material.button.MaterialButton: int getTextLayoutWidth()
androidx.core.view.WindowInsetsCompat$BuilderImpl30: void setInsets(int,androidx.core.graphics.Insets)
org.webrtc.AndroidVideoDecoder: org.webrtc.VideoFrame$Buffer copyNV12ToI420Buffer(java.nio.ByteBuffer,int,int,int,int)
org.webrtc.audio.JavaAudioDeviceModule$Builder: org.webrtc.audio.JavaAudioDeviceModule$Builder setAudioFormat(int)
androidx.core.content.ContextCompat$Api26Impl: android.content.ComponentName startForegroundService(android.content.Context,android.content.Intent)
org.whispersystems.libsignal.protocol.SignalProtos$PreKeySignalMessage$Builder: SignalProtos$PreKeySignalMessage$Builder()
org.conscrypt.OpenSSLX509CertificateFactory$Parser: java.lang.Object fromX509PemInputStream(java.io.InputStream)
androidx.viewpager.widget.ViewPager: int getOffscreenPageLimit()
org.webrtc.NativePeerConnectionFactory: long createNativePeerConnection()
org.conscrypt.ct.SerializationException: SerializationException()
org.conscrypt.ConscryptEngineSocket: void setEnableSessionCreation(boolean)
com.google.android.material.checkbox.MaterialCheckBox: void setButtonTintList(android.content.res.ColorStateList)
org.conscrypt.NativeCrypto: byte[] get_X509_sig_alg_parameter(long,org.conscrypt.OpenSSLX509Certificate)
org.conscrypt.OAEPParameters: java.lang.String readHash(long)
org.osmdroid.views.MapController$ReplayType: org.osmdroid.views.MapController$ReplayType[] values()
androidx.appcompat.widget.ActionBarContextView: int getAnimatedVisibility()
me.leolin.shortcutbadger.impl.ApexHomeBadger: ApexHomeBadger()
org.conscrypt.PreKitKatPlatformOpenSSLSocketImplAdapter: int getReceiveBufferSize()
org.webrtc.SoftwareVideoDecoderFactory: long nativeCreateFactory()
org.webrtc.audio.WebRtcAudioTrack: int getStreamMaxVolume()
org.conscrypt.NativeCrypto: void EVP_DigestUpdateDirect(org.conscrypt.NativeRef$EVP_MD_CTX,long,int)
androidx.core.view.ViewCompat$Api28Impl: void setAccessibilityPaneTitle(android.view.View,java.lang.CharSequence)