build/outputs/mapping/conversationsFreeRelease/usage.txt
eu.siacs.conversations.AppSettings:
    private static final java.lang.String ACCEPT_INVITES_FROM_STRANGERS
    public static final java.lang.String ALLOW_MESSAGE_CORRECTION
    public static final java.lang.String ALLOW_SCREENSHOTS
    public static final java.lang.String AUTOMATIC_MESSAGE_DELETION
    public static final java.lang.String AWAY_WHEN_SCREEN_IS_OFF
    public static final java.lang.String BLIND_TRUST_BEFORE_VERIFICATION
    public static final java.lang.String BROADCAST_LAST_ACTIVITY
    public static final java.lang.String BTBV
    public static final java.lang.String CHANNEL_DISCOVERY_METHOD
    public static final java.lang.String COLORFUL_CHAT_BUBBLES
    public static final java.lang.String CONFIRM_MESSAGES
    public static final java.lang.String DND_ON_SILENT_MODE
    public static final java.lang.String DYNAMIC_COLORS
    public static final java.lang.String KEEP_FOREGROUND_SERVICE
    public static final java.lang.String LARGE_FONT
    public static final java.lang.String MANUALLY_CHANGE_PRESENCE
    public static final java.lang.String NOTIFICATION_HEADS_UP
    public static final java.lang.String NOTIFICATION_LED
    public static final java.lang.String NOTIFICATION_RINGTONE
    public static final java.lang.String NOTIFICATION_VIBRATE
    public static final java.lang.String OMEMO
    public static final java.lang.String REQUIRE_CHANNEL_BINDING
    public static final java.lang.String RINGTONE
eu.siacs.conversations.BR:
    public static final int _all
eu.siacs.conversations.BuildConfig:
    public static final java.lang.String APPLICATION_ID
    public static final java.lang.String APP_NAME
    public static final java.lang.String BUILD_TYPE
    public static final boolean DEBUG
    public static final java.lang.String FLAVOR
    public static final java.lang.String FLAVOR_distribution
    public static final java.lang.String FLAVOR_mode
    public static final java.lang.String PRIVACY_POLICY
    public static final int VERSION_CODE
    public static final java.lang.String VERSION_NAME
eu.siacs.conversations.Config$Map:
    public static final double FINAL_ZOOM_LEVEL
    public static final double INITIAL_ZOOM_LEVEL
    public static final int LOCATION_FIX_SIGNIFICANT_TIME_DELTA
    public static final float LOCATION_FIX_SPACE_DELTA
    public static final long LOCATION_FIX_TIME_DELTA
    public static final int MY_LOCATION_INDICATOR_OUTLINE_SIZE
    public static final int MY_LOCATION_INDICATOR_SIZE
eu.siacs.conversations.Config:
    public static final boolean ALLOW_NON_TLS_CONNECTIONS
    public static final boolean ALWAYS_NOTIFY_BY_DEFAULT
    public static final boolean AUTOMATICALLY_COMPLETE_SESSIONS
    public static final int AVATAR_CHAR_LIMIT
    public static final int AVATAR_SIZE
    public static final boolean BACKGROUND_STANZA_LOGGING
    public static final java.lang.String CHANNEL_DISCOVERY
    public static final int CONNECT_DISCO_TIMEOUT
    public static final int CONNECT_TIMEOUT
    public static final long CONTACT_SYNC_RETRY_INTERVAL
    public static final boolean DISABLE_BAN
    public static final boolean DISABLE_HTTP_UPLOAD
    public static final boolean DISABLE_PROXY_LOOKUP
    public static final boolean DISALLOW_REGISTRATION_IN_UI
    private static final int ENCRYPTION_MASK
    public static final boolean ENCRYPT_ON_HTTP_UPLOADED
    public static final int EXPIRY_INTERVAL
    public static final boolean EXTENDED_SM_LOGGING
    public static final boolean HIDE_MESSAGE_TEXT_IN_NOTIFICATION
    public static final int IDLE_PING_INTERVAL
    public static final boolean IGNORE_ID_REWRITE_IN_MUC
    public static final int IMAGE_QUALITY
    public static final int IMAGE_SIZE
    public static final boolean JINGLE_MESSAGE_INIT_STRICT_OFFLINE_CHECK
    public static final int LOW_PING_TIMEOUT
    public static final java.lang.String MAGIC_CREATE_DOMAIN
    public static final long MAM_MAX_CATCHUP
    public static final int MAM_MAX_MESSAGES
...
androidx.activity.ktx.R
androidx.activity.result.ActivityResultCaller
androidx.activity.result.ActivityResultCallerKt
androidx.activity.result.ActivityResultCallerLauncher$resultContract$2$1
androidx.activity.result.ActivityResultCallerLauncher$resultContract$2
androidx.activity.result.ActivityResultCallerLauncher
androidx.activity.result.ActivityResultKt
androidx.activity.result.ActivityResultLauncher:
    public abstract androidx.activity.result.contract.ActivityResultContract getContract()
androidx.activity.result.ActivityResultLauncherKt
androidx.activity.result.ActivityResultRegistry$2:
    public androidx.activity.result.contract.ActivityResultContract getContract()
androidx.activity.result.ActivityResultRegistry$3:
    public androidx.activity.result.contract.ActivityResultContract getContract()
androidx.activity.result.ActivityResultRegistry:
    private static final int INITIAL_REQUEST_CODE_VALUE
    private static final java.lang.String KEY_COMPONENT_ACTIVITY_LAUNCHED_KEYS
    private static final java.lang.String KEY_COMPONENT_ACTIVITY_PENDING_RESULTS
    private static final java.lang.String KEY_COMPONENT_ACTIVITY_REGISTERED_KEYS
    private static final java.lang.String KEY_COMPONENT_ACTIVITY_REGISTERED_RCS
    private static final java.lang.String LOG_TAG
androidx.activity.result.IntentSenderRequest$Builder$Flag
androidx.activity.result.IntentSenderRequest$Builder:
    public void <init>(android.app.PendingIntent)
androidx.activity.result.IntentSenderRequest$Companion:
    public static synthetic void getCREATOR$annotations()
androidx.activity.result.IntentSenderRequest:
    public synthetic void <init>(android.content.IntentSender,android.content.Intent,int,int,int,kotlin.jvm.internal.DefaultConstructorMarker)
androidx.activity.result.PickVisualMediaRequest$Builder
androidx.activity.result.PickVisualMediaRequest
androidx.activity.result.PickVisualMediaRequestKt
androidx.activity.result.contract.ActivityResultContracts$CaptureVideo
androidx.activity.result.contract.ActivityResultContracts$CreateDocument
androidx.activity.result.contract.ActivityResultContracts$GetContent
androidx.activity.result.contract.ActivityResultContracts$GetMultipleContents$Companion
androidx.activity.result.contract.ActivityResultContracts$GetMultipleContents
androidx.activity.result.contract.ActivityResultContracts$OpenDocument
androidx.activity.result.contract.ActivityResultContracts$OpenDocumentTree
androidx.activity.result.contract.ActivityResultContracts$OpenMultipleDocuments
androidx.activity.result.contract.ActivityResultContracts$PickContact
androidx.activity.result.contract.ActivityResultContracts$PickMultipleVisualMedia$Companion
androidx.activity.result.contract.ActivityResultContracts$PickMultipleVisualMedia
androidx.activity.result.contract.ActivityResultContracts$PickVisualMedia$Companion
androidx.activity.result.contract.ActivityResultContracts$PickVisualMedia$ImageAndVideo
androidx.activity.result.contract.ActivityResultContracts$PickVisualMedia$ImageOnly
androidx.activity.result.contract.ActivityResultContracts$PickVisualMedia$SingleMimeType
androidx.activity.result.contract.ActivityResultContracts$PickVisualMedia$VideoOnly
androidx.activity.result.contract.ActivityResultContracts$PickVisualMedia$VisualMediaType
androidx.activity.result.contract.ActivityResultContracts$PickVisualMedia
androidx.activity.result.contract.ActivityResultContracts$RequestMultiplePermissions:
    public static final java.lang.String ACTION_REQUEST_PERMISSIONS
    public static final java.lang.String EXTRA_PERMISSIONS
    public static final java.lang.String EXTRA_PERMISSION_GRANT_RESULTS
androidx.activity.result.contract.ActivityResultContracts$StartActivityForResult:
    public static final java.lang.String EXTRA_ACTIVITY_OPTIONS_BUNDLE
androidx.activity.result.contract.ActivityResultContracts$StartIntentSenderForResult$Companion
androidx.activity.result.contract.ActivityResultContracts$StartIntentSenderForResult